Requirement already satisfied: yfinance in ./myenv/lib/python3.9/site-packages (from -r requirements.txt (line 1)) (0.2.51)
Requirement already satisfied: numpy in ./myenv/lib/python3.9/site-packages (from -r requirements.txt (line 2)) (2.0.2)
Requirement already satisfied: pandas in ./myenv/lib/python3.9/site-packages (from -r requirements.txt (line 3)) (2.2.3)
Requirement already satisfied: scikit-learn in ./myenv/lib/python3.9/site-packages (from -r requirements.txt (line 4)) (1.6.0)
Requirement already satisfied: tensorflow in ./myenv/lib/python3.9/site-packages (from -r requirements.txt (line 5)) (2.18.0)
Requirement already satisfied: gradio in ./myenv/lib/python3.9/site-packages (from -r requirements.txt (line 6)) (4.44.1)
Requirement already satisfied: keras in ./myenv/lib/python3.9/site-packages (from -r requirements.txt (line 7)) (3.7.0)
Requirement already satisfied: prophet in ./myenv/lib/python3.9/site-packages (from -r requirements.txt (line 8)) (1.1.6)
Requirement already satisfied: pymongo in ./myenv/lib/python3.9/site-packages (from -r requirements.txt (line 9)) (4.10.1)
Requirement already satisfied: python-dotenv in ./myenv/lib/python3.9/site-packages (from -r requirements.txt (line 10)) (1.0.1)
Requirement already satisfied: requests>=2.31 in ./myenv/lib/python3.9/site-packages (from yfinance->-r requirements.txt (line 1)) (2.32.3)
Requirement already satisfied: multitasking>=0.0.7 in ./myenv/lib/python3.9/site-packages (from yfinance->-r requirements.txt (line 1)) (0.0.11)
Requirement already satisfied: lxml>=4.9.1 in ./myenv/lib/python3.9/site-packages (from yfinance->-r requirements.txt (line 1)) (5.3.0)
Requirement already satisfied: platformdirs>=2.0.0 in ./myenv/lib/python3.9/site-packages (from yfinance->-r requirements.txt (line 1)) (4.3.6)
Requirement already satisfied: pytz>=2022.5 in ./myenv/lib/python3.9/site-packages (from yfinance->-r requirements.txt (line 1)) (2024.2)
Requirement already satisfied: frozendict>=2.3.4 in ./myenv/lib/python3.9/site-packages (from yfinance->-r requirements.txt (line 1)) (2.4.6)
Requirement already satisfied: peewee>=3.16.2 in ./myenv/lib/python3.9/site-packages (from yfinance->-r requirements.txt (line 1)) (3.17.8)
Requirement already satisfied: beautifulsoup4>=4.11.1 in ./myenv/lib/python3.9/site-packages (from yfinance->-r requirements.txt (line 1)) (4.12.3)
Requirement already satisfied: html5lib>=1.1 in ./myenv/lib/python3.9/site-packages (from yfinance->-r requirements.txt (line 1)) (1.1)
Requirement already satisfied: python-dateutil>=2.8.2 in ./myenv/lib/python3.9/site-packages (from pandas->-r requirements.txt (line 3)) (2.9.0.post0)
Requirement already satisfied: tzdata>=2022.7 in ./myenv/lib/python3.9/site-packages (from pandas->-r requirements.txt (line 3)) (2024.2)
Requirement already satisfied: scipy>=1.6.0 in ./myenv/lib/python3.9/site-packages (from scikit-learn->-r requirements.txt (line 4)) (1.13.1)
Requirement already satisfied: joblib>=1.2.0 in ./myenv/lib/python3.9/site-packages (from scikit-learn->-r requirements.txt (line 4)) (1.4.2)
Requirement already satisfied: threadpoolctl>=3.1.0 in ./myenv/lib/python3.9/site-packages (from scikit-learn->-r requirements.txt (line 4)) (3.5.0)
Requirement already satisfied: absl-py>=1.0.0 in ./myenv/lib/python3.9/site-packages (from tensorflow->-r requirements.txt (line 5)) (2.1.0)
Requirement already satisfied: astunparse>=1.6.0 in ./myenv/lib/python3.9/site-packages (from tensorflow->-r requirements.txt (line 5)) (1.6.3)
Requirement already satisfied: flatbuffers>=24.3.25 in ./myenv/lib/python3.9/site-packages (from tensorflow->-r requirements.txt (line 5)) (24.12.23)
Requirement already satisfied: gast!=0.5.0,!=0.5.1,!=0.5.2,>=0.2.1 in ./myenv/lib/python3.9/site-packages (from tensorflow->-r requirements.txt (line 5)) (0.6.0)
Requirement already satisfied: google-pasta>=0.1.1 in ./myenv/lib/python3.9/site-packages (from tensorflow->-r requirements.txt (line 5)) (0.2.0)
Requirement already satisfied: libclang>=13.0.0 in ./myenv/lib/python3.9/site-packages (from tensorflow->-r requirements.txt (line 5)) (18.1.1)
Requirement already satisfied: opt-einsum>=2.3.2 in ./myenv/lib/python3.9/site-packages (from tensorflow->-r requirements.txt (line 5)) (3.4.0)
Requirement already satisfied: packaging in ./myenv/lib/python3.9/site-packages (from tensorflow->-r requirements.txt (line 5)) (24.2)
Requirement already satisfied: protobuf!=4.21.0,!=4.21.1,!=4.21.2,!=4.21.3,!=4.21.4,!=4.21.5,<6.0.0dev,>=3.20.3 in ./myenv/lib/python3.9/site-packages (from tensorflow->-r requirements.txt (line 5)) (5.29.2)
Requirement already satisfied: setuptools in ./myenv/lib/python3.9/site-packages (from tensorflow->-r requirements.txt (line 5)) (59.6.0)
Requirement already satisfied: six>=1.12.0 in ./myenv/lib/python3.9/site-packages (from tensorflow->-r requirements.txt (line 5)) (1.17.0)
Requirement already satisfied: termcolor>=1.1.0 in ./myenv/lib/python3.9/site-packages (from tensorflow->-r requirements.txt (line 5)) (2.5.0)
Requirement already satisfied: typing-extensions>=3.6.6 in ./myenv/lib/python3.9/site-packages (from tensorflow->-r requirements.txt (line 5)) (4.12.2)
Requirement already satisfied: wrapt>=1.11.0 in ./myenv/lib/python3.9/site-packages (from tensorflow->-r requirements.txt (line 5)) (1.17.0)
Requirement already satisfied: grpcio<2.0,>=1.24.3 in ./myenv/lib/python3.9/site-packages (from tensorflow->-r requirements.txt (line 5)) (1.68.1)
Requirement already satisfied: tensorboard<2.19,>=2.18 in ./myenv/lib/python3.9/site-packages (from tensorflow->-r requirements.txt (line 5)) (2.18.0)
Requirement already satisfied: h5py>=3.11.0 in ./myenv/lib/python3.9/site-packages (from tensorflow->-r requirements.txt (line 5)) (3.12.1)
Requirement already satisfied: ml-dtypes<0.5.0,>=0.4.0 in ./myenv/lib/python3.9/site-packages (from tensorflow->-r requirements.txt (line 5)) (0.4.1)
Requirement already satisfied: tensorflow-io-gcs-filesystem>=0.23.1 in ./myenv/lib/python3.9/site-packages (from tensorflow->-r requirements.txt (line 5)) (0.37.1)
Requirement already satisfied: aiofiles<24.0,>=22.0 in ./myenv/lib/python3.9/site-packages (from gradio->-r requirements.txt (line 6)) (23.2.1)
Requirement already satisfied: anyio<5.0,>=3.0 in ./myenv/lib/python3.9/site-packages (from gradio->-r requirements.txt (line 6)) (4.7.0)
Requirement already satisfied: fastapi<1.0 in ./myenv/lib/python3.9/site-packages (from gradio->-r requirements.txt (line 6)) (0.115.6)
Requirement already satisfied: ffmpy in ./myenv/lib/python3.9/site-packages (from gradio->-r requirements.txt (line 6)) (0.5.0)
Requirement already satisfied: gradio-client==1.3.0 in ./myenv/lib/python3.9/site-packages (from gradio->-r requirements.txt (line 6)) (1.3.0)
Requirement already satisfied: httpx>=0.24.1 in ./myenv/lib/python3.9/site-packages (from gradio->-r requirements.txt (line 6)) (0.28.1)
Requirement already satisfied: huggingface-hub>=0.19.3 in ./myenv/lib/python3.9/site-packages (from gradio->-r requirements.txt (line 6)) (0.27.0)
Requirement already satisfied: importlib-resources<7.0,>=1.3 in ./myenv/lib/python3.9/site-packages (from gradio->-r requirements.txt (line 6)) (6.4.5)
Requirement already satisfied: jinja2<4.0 in ./myenv/lib/python3.9/site-packages (from gradio->-r requirements.txt (line 6)) (3.1.5)
Requirement already satisfied: markupsafe~=2.0 in ./myenv/lib/python3.9/site-packages (from gradio->-r requirements.txt (line 6)) (2.1.5)
Requirement already satisfied: matplotlib~=3.0 in ./myenv/lib/python3.9/site-packages (from gradio->-r requirements.txt (line 6)) (3.9.4)
Requirement already satisfied: orjson~=3.0 in ./myenv/lib/python3.9/site-packages (from gradio->-r requirements.txt (line 6)) (3.10.12)
Requirement already satisfied: pillow<11.0,>=8.0 in ./myenv/lib/python3.9/site-packages (from gradio->-r requirements.txt (line 6)) (10.4.0)
Requirement already satisfied: pydantic>=2.0 in ./myenv/lib/python3.9/site-packages (from gradio->-r requirements.txt (line 6)) (2.10.4)
Requirement already satisfied: pydub in ./myenv/lib/python3.9/site-packages (from gradio->-r requirements.txt (line 6)) (0.25.1)
Requirement already satisfied: python-multipart>=0.0.9 in ./myenv/lib/python3.9/site-packages (from gradio->-r requirements.txt (line 6)) (0.0.20)
Requirement already satisfied: pyyaml<7.0,>=5.0 in ./myenv/lib/python3.9/site-packages (from gradio->-r requirements.txt (line 6)) (6.0.2)
Requirement already satisfied: ruff>=0.2.2 in ./myenv/lib/python3.9/site-packages (from gradio->-r requirements.txt (line 6)) (0.8.4)
Requirement already satisfied: semantic-version~=2.0 in ./myenv/lib/python3.9/site-packages (from gradio->-r requirements.txt (line 6)) (2.10.0)
Requirement already satisfied: tomlkit==0.12.0 in ./myenv/lib/python3.9/site-packages (from gradio->-r requirements.txt (line 6)) (0.12.0)
Requirement already satisfied: typer<1.0,>=0.12 in ./myenv/lib/python3.9/site-packages (from gradio->-r requirements.txt (line 6)) (0.15.1)
Requirement already satisfied: urllib3~=2.0 in ./myenv/lib/python3.9/site-packages (from gradio->-r requirements.txt (line 6)) (2.3.0)
Requirement already satisfied: uvicorn>=0.14.0 in ./myenv/lib/python3.9/site-packages (from gradio->-r requirements.txt (line 6)) (0.34.0)
Requirement already satisfied: fsspec in ./myenv/lib/python3.9/site-packages (from gradio-client==1.3.0->gradio->-r requirements.txt (line 6)) (2024.12.0)
Requirement already satisfied: websockets<13.0,>=10.0 in ./myenv/lib/python3.9/site-packages (from gradio-client==1.3.0->gradio->-r requirements.txt (line 6)) (12.0)
Requirement already satisfied: rich in ./myenv/lib/python3.9/site-packages (from keras->-r requirements.txt (line 7)) (13.9.4)
Requirement already satisfied: namex in ./myenv/lib/python3.9/site-packages (from keras->-r requirements.txt (line 7)) (0.0.8)
Requirement already satisfied: optree in ./myenv/lib/python3.9/site-packages (from keras->-r requirements.txt (line 7)) (0.13.1)
Requirement already satisfied: cmdstanpy>=1.0.4 in ./myenv/lib/python3.9/site-packages (from prophet->-r requirements.txt (line 8)) (1.2.5)
Requirement already satisfied: holidays<1,>=0.25 in ./myenv/lib/python3.9/site-packages (from prophet->-r requirements.txt (line 8)) (0.63)
Requirement already satisfied: tqdm>=4.36.1 in ./myenv/lib/python3.9/site-packages (from prophet->-r requirements.txt (line 8)) (4.67.1)
Requirement already satisfied: dnspython<3.0.0,>=1.16.0 in ./myenv/lib/python3.9/site-packages (from pymongo->-r requirements.txt (line 9)) (2.7.0)
Requirement already satisfied: exceptiongroup>=1.0.2 in ./myenv/lib/python3.9/site-packages (from anyio<5.0,>=3.0->gradio->-r requirements.txt (line 6)) (1.2.2)
Requirement already satisfied: idna>=2.8 in ./myenv/lib/python3.9/site-packages (from anyio<5.0,>=3.0->gradio->-r requirements.txt (line 6)) (3.10)
Requirement already satisfied: sniffio>=1.1 in ./myenv/lib/python3.9/site-packages (from anyio<5.0,>=3.0->gradio->-r requirements.txt (line 6)) (1.3.1)
Requirement already satisfied: wheel<1.0,>=0.23.0 in ./myenv/lib/python3.9/site-packages (from astunparse>=1.6.0->tensorflow->-r requirements.txt (line 5)) (0.45.1)
Requirement already satisfied: soupsieve>1.2 in ./myenv/lib/python3.9/site-packages (from beautifulsoup4>=4.11.1->yfinance->-r requirements.txt (line 1)) (2.6)
Requirement already satisfied: stanio<2.0.0,>=0.4.0 in ./myenv/lib/python3.9/site-packages (from cmdstanpy>=1.0.4->prophet->-r requirements.txt (line 8)) (0.5.1)
Requirement already satisfied: starlette<0.42.0,>=0.40.0 in ./myenv/lib/python3.9/site-packages (from fastapi<1.0->gradio->-r requirements.txt (line 6)) (0.41.3)
Requirement already satisfied: webencodings in ./myenv/lib/python3.9/site-packages (from html5lib>=1.1->yfinance->-r requirements.txt (line 1)) (0.5.1)
Requirement already satisfied: certifi in ./myenv/lib/python3.9/site-packages (from httpx>=0.24.1->gradio->-r requirements.txt (line 6)) (2024.12.14)
Requirement already satisfied: httpcore==1.* in ./myenv/lib/python3.9/site-packages (from httpx>=0.24.1->gradio->-r requirements.txt (line 6)) (1.0.7)
Requirement already satisfied: h11<0.15,>=0.13 in ./myenv/lib/python3.9/site-packages (from httpcore==1.*->httpx>=0.24.1->gradio->-r requirements.txt (line 6)) (0.14.0)
Requirement already satisfied: filelock in ./myenv/lib/python3.9/site-packages (from huggingface-hub>=0.19.3->gradio->-r requirements.txt (line 6)) (3.16.1)
Requirement already satisfied: zipp>=3.1.0 in ./myenv/lib/python3.9/site-packages (from importlib-resources<7.0,>=1.3->gradio->-r requirements.txt (line 6)) (3.21.0)
Requirement already satisfied: contourpy>=1.0.1 in ./myenv/lib/python3.9/site-packages (from matplotlib~=3.0->gradio->-r requirements.txt (line 6)) (1.3.0)
Requirement already satisfied: cycler>=0.10 in ./myenv/lib/python3.9/site-packages (from matplotlib~=3.0->gradio->-r requirements.txt (line 6)) (0.12.1)
Requirement already satisfied: fonttools>=4.22.0 in ./myenv/lib/python3.9/site-packages (from matplotlib~=3.0->gradio->-r requirements.txt (line 6)) (4.55.3)
Requirement already satisfied: kiwisolver>=1.3.1 in ./myenv/lib/python3.9/site-packages (from matplotlib~=3.0->gradio->-r requirements.txt (line 6)) (1.4.7)
Requirement already satisfied: pyparsing>=2.3.1 in ./myenv/lib/python3.9/site-packages (from matplotlib~=3.0->gradio->-r requirements.txt (line 6)) (3.2.0)
Requirement already satisfied: annotated-types>=0.6.0 in ./myenv/lib/python3.9/site-packages (from pydantic>=2.0->gradio->-r requirements.txt (line 6)) (0.7.0)
Requirement already satisfied: pydantic-core==2.27.2 in ./myenv/lib/python3.9/site-packages (from pydantic>=2.0->gradio->-r requirements.txt (line 6)) (2.27.2)
Requirement already satisfied: charset-normalizer<4,>=2 in ./myenv/lib/python3.9/site-packages (from requests>=2.31->yfinance->-r requirements.txt (line 1)) (3.4.1)
Requirement already satisfied: markdown>=2.6.8 in ./myenv/lib/python3.9/site-packages (from tensorboard<2.19,>=2.18->tensorflow->-r requirements.txt (line 5)) (3.7)
Requirement already satisfied: tensorboard-data-server<0.8.0,>=0.7.0 in ./myenv/lib/python3.9/site-packages (from tensorboard<2.19,>=2.18->tensorflow->-r requirements.txt (line 5)) (0.7.2)
Requirement already satisfied: werkzeug>=1.0.1 in ./myenv/lib/python3.9/site-packages (from tensorboard<2.19,>=2.18->tensorflow->-r requirements.txt (line 5)) (3.1.3)
Requirement already satisfied: click>=8.0.0 in ./myenv/lib/python3.9/site-packages (from typer<1.0,>=0.12->gradio->-r requirements.txt (line 6)) (8.1.8)
Requirement already satisfied: shellingham>=1.3.0 in ./myenv/lib/python3.9/site-packages (from typer<1.0,>=0.12->gradio->-r requirements.txt (line 6)) (1.5.4)
Requirement already satisfied: markdown-it-py>=2.2.0 in ./myenv/lib/python3.9/site-packages (from rich->keras->-r requirements.txt (line 7)) (3.0.0)
Requirement already satisfied: pygments<3.0.0,>=2.13.0 in ./myenv/lib/python3.9/site-packages (from rich->keras->-r requirements.txt (line 7)) (2.18.0)
Requirement already satisfied: importlib-metadata>=4.4 in ./myenv/lib/python3.9/site-packages (from markdown>=2.6.8->tensorboard<2.19,>=2.18->tensorflow->-r requirements.txt (line 5)) (8.5.0)
Requirement already satisfied: mdurl~=0.1 in ./myenv/lib/python3.9/site-packages (from markdown-it-py>=2.2.0->rich->keras->-r requirements.txt (line 7)) (0.1.2)
