2026-01-14 17:02:37 - stock_app - WARNING - ⚠ 警告: Supabase URL 或 Key 未設定
2026-01-14 17:02:37 - stock_app - INFO - ✅ 使用快取: TW0050 (50 支股票)
2026-01-14 17:02:37 - stock_app - INFO - ✅ 使用快取: TW0051 (110 支股票)
2026-01-14 17:02:37 - stock_app - INFO - ✅ 使用快取: SP500 (110 支股票)
2026-01-14 17:02:39 - stock_app - INFO - 
計算潛力股... (Period=6mo)
2026-01-14 17:02:39 - stock_app - INFO - 
=== 處理指數: 台灣50 ===
2026-01-14 17:02:39 - stock_app - INFO - 啟動並行處理 (Max Workers: 5)... 分析 50 支股票
2026-01-14 17:02:39 - stock_app - INFO - 正在獲取 1216.TW 的數據...
2026-01-14 17:02:39 - stock_app - INFO - 正在獲取 1301.TW 的數據...
2026-01-14 17:02:39 - stock_app - INFO - 正在獲取 1303.TW 的數據...
2026-01-14 17:02:39 - stock_app - INFO - 正在獲取 2002.TW 的數據...
2026-01-14 17:02:39 - stock_app - INFO - 正在獲取 2059.TW 的數據...
2026-01-14 17:02:39 - stock_app - INFO - 獲取到 126 條交易日數據
2026-01-14 17:02:39 - stock_app - INFO - 獲取到 126 條交易日數據
2026-01-14 17:02:39 - stock_app - INFO - 獲取到 126 條交易日數據
2026-01-14 17:02:39 - stock_app - INFO - 獲取到 126 條交易日數據
2026-01-14 17:02:39 - stock_app - INFO - 獲取到 126 條交易日數據
2026-01-14 17:03:11 - stock_app - INFO - 正在獲取 2207.TW 的數據...
2026-01-14 17:03:11 - stock_app - INFO - ✅ [1/50] 2002.TW 完成
2026-01-14 17:03:11 - stock_app - INFO - 正在獲取 2301.TW 的數據...
2026-01-14 17:03:11 - stock_app - INFO - ✅ [2/50] 2059.TW 完成
2026-01-14 17:03:11 - stock_app - INFO - 獲取到 126 條交易日數據
2026-01-14 17:03:11 - stock_app - INFO - 獲取到 126 條交易日數據
2026-01-14 17:03:11 - stock_app - INFO - 正在獲取 2303.TW 的數據...
2026-01-14 17:03:11 - stock_app - INFO - ✅ [3/50] 1303.TW 完成
2026-01-14 17:03:12 - stock_app - INFO - 獲取到 126 條交易日數據
2026-01-14 17:03:12 - stock_app - INFO - 正在獲取 2308.TW 的數據...
2026-01-14 17:03:12 - stock_app - INFO - ⚠️  [4/50] 1301.TW 無結果
2026-01-14 17:03:12 - stock_app - INFO - 獲取到 126 條交易日數據
2026-01-14 17:03:12 - stock_app - INFO - 正在獲取 2317.TW 的數據...
2026-01-14 17:03:12 - stock_app - INFO - ✅ [5/50] 1216.TW 完成
2026-01-14 17:03:12 - stock_app - INFO - 獲取到 126 條交易日數據
2026-01-14 17:03:40 - stock_app - INFO - 正在獲取 2327.TW 的數據...
2026-01-14 17:03:40 - stock_app - INFO - ✅ [6/50] 2207.TW 完成
2026-01-14 17:03:40 - stock_app - INFO - 獲取到 126 條交易日數據
2026-01-14 17:03:40 - stock_app - INFO - 正在獲取 2330.TW 的數據...
2026-01-14 17:03:40 - stock_app - INFO - ✅ [7/50] 2303.TW 完成
2026-01-14 17:03:40 - stock_app - INFO - 獲取到 126 條交易日數據
2026-01-14 17:03:41 - stock_app - INFO - 正在獲取 2345.TW 的數據...
2026-01-14 17:03:41 - stock_app - INFO - ✅ [8/50] 2301.TW 完成
2026-01-14 17:03:41 - stock_app - INFO - 正在獲取 2357.TW 的數據...
2026-01-14 17:03:41 - stock_app - INFO - ✅ [9/50] 2308.TW 完成
2026-01-14 17:03:41 - stock_app - INFO - 正在獲取 2360.TW 的數據...
2026-01-14 17:03:41 - stock_app - INFO - ✅ [10/50] 2317.TW 完成
2026-01-14 17:03:41 - stock_app - INFO - 獲取到 126 條交易日數據
2026-01-14 17:03:41 - stock_app - INFO - 獲取到 126 條交易日數據
2026-01-14 17:03:41 - stock_app - INFO - 獲取到 126 條交易日數據
2026-01-14 17:04:09 - stock_app - INFO - 正在獲取 2379.TW 的數據...
2026-01-14 17:04:09 - stock_app - INFO - ✅ [11/50] 2327.TW 完成
2026-01-14 17:04:09 - stock_app - INFO - 正在獲取 2382.TW 的數據...
2026-01-14 17:04:09 - stock_app - INFO - ✅ [12/50] 2330.TW 完成
2026-01-14 17:04:10 - stock_app - INFO - 獲取到 126 條交易日數據
2026-01-14 17:04:10 - stock_app - INFO - 獲取到 126 條交易日數據
2026-01-14 17:04:10 - stock_app - INFO - 正在獲取 2383.TW 的數據...
2026-01-14 17:04:10 - stock_app - INFO - ✅ [13/50] 2360.TW 完成
2026-01-14 17:04:11 - stock_app - INFO - 正在獲取 2395.TW 的數據...
2026-01-14 17:04:11 - stock_app - INFO - ✅ [14/50] 2357.TW 完成
2026-01-14 17:04:11 - stock_app - INFO - 獲取到 126 條交易日數據
2026-01-14 17:04:11 - stock_app - INFO - 獲取到 126 條交易日數據
2026-01-14 17:04:11 - stock_app - INFO - 正在獲取 2408.TW 的數據...
2026-01-14 17:04:11 - stock_app - INFO - ✅ [15/50] 2345.TW 完成
2026-01-14 17:04:12 - stock_app - INFO - 獲取到 126 條交易日數據
2026-01-14 17:04:39 - stock_app - INFO - 正在獲取 2412.TW 的數據...
2026-01-14 17:04:39 - stock_app - INFO - ✅ [16/50] 2379.TW 完成
2026-01-14 17:04:39 - stock_app - INFO - 獲取到 126 條交易日數據
2026-01-14 17:04:40 - stock_app - INFO - 正在獲取 2454.TW 的數據...
2026-01-14 17:04:40 - stock_app - INFO - ✅ [17/50] 2382.TW 完成
2026-01-14 17:04:40 - stock_app - INFO - 正在獲取 2603.TW 的數據...
2026-01-14 17:04:40 - stock_app - INFO - ✅ [18/50] 2383.TW 完成
2026-01-14 17:04:40 - stock_app - INFO - 獲取到 126 條交易日數據
2026-01-14 17:04:40 - stock_app - INFO - 獲取到 126 條交易日數據
2026-01-14 17:04:40 - stock_app - INFO - 正在獲取 2615.TW 的數據...
2026-01-14 17:04:40 - stock_app - INFO - ✅ [19/50] 2395.TW 完成
2026-01-14 17:04:40 - stock_app - INFO - 正在獲取 2880.TW 的數據...
2026-01-14 17:04:40 - stock_app - INFO - ✅ [20/50] 2408.TW 完成
2026-01-14 17:04:41 - stock_app - INFO - 獲取到 126 條交易日數據
2026-01-14 17:04:41 - stock_app - INFO - 獲取到 126 條交易日數據
